[2022-12-02 19:27:15,519] {taskinstance.py:1159} INFO - Dependencies all met for <TaskInstance: transferencia_obrigatoria_uniao.cria_pasta scheduled__2022-11-02T11:00:00+00:00 [queued]>
[2022-12-02 19:27:15,531] {taskinstance.py:1159} INFO - Dependencies all met for <TaskInstance: transferencia_obrigatoria_uniao.cria_pasta scheduled__2022-11-02T11:00:00+00:00 [queued]>
[2022-12-02 19:27:15,531] {taskinstance.py:1356} INFO - 
--------------------------------------------------------------------------------
[2022-12-02 19:27:15,531] {taskinstance.py:1357} INFO - Starting attempt 1 of 1
[2022-12-02 19:27:15,531] {taskinstance.py:1358} INFO - 
--------------------------------------------------------------------------------
[2022-12-02 19:27:15,547] {taskinstance.py:1377} INFO - Executing <Task(BashOperator): cria_pasta> on 2022-11-02 11:00:00+00:00
[2022-12-02 19:27:15,552] {standard_task_runner.py:52} INFO - Started process 41846 to run task
[2022-12-02 19:27:15,557] {standard_task_runner.py:79} INFO - Running: ['airflow', 'tasks', 'run', 'transferencia_obrigatoria_uniao', 'cria_pasta', 'scheduled__2022-11-02T11:00:00+00:00', '--job-id', '16', '--raw', '--subdir', 'DAGS_FOLDER/transferencia_obrigatoria_uniao.py', '--cfg-path', '/tmp/tmpwiwtd_20', '--error-file', '/tmp/tmpavmefjzz']
[2022-12-02 19:27:15,558] {standard_task_runner.py:80} INFO - Job 16: Subtask cria_pasta
[2022-12-02 19:27:15,618] {task_command.py:370} INFO - Running <TaskInstance: transferencia_obrigatoria_uniao.cria_pasta scheduled__2022-11-02T11:00:00+00:00 [running]> on host caiomendes-virtual-machine
[2022-12-02 19:27:15,673] {taskinstance.py:1569} INFO - Exporting the following env vars:
AIRFLOW_CTX_DAG_OWNER=airflow
AIRFLOW_CTX_DAG_ID=transferencia_obrigatoria_uniao
AIRFLOW_CTX_TASK_ID=cria_pasta
AIRFLOW_CTX_EXECUTION_DATE=2022-11-02T11:00:00+00:00
AIRFLOW_CTX_TRY_NUMBER=1
AIRFLOW_CTX_DAG_RUN_ID=scheduled__2022-11-02T11:00:00+00:00
[2022-12-02 19:27:15,675] {subprocess.py:62} INFO - Tmp dir root location: 
 /tmp
[2022-12-02 19:27:15,677] {subprocess.py:74} INFO - Running command: ['bash', '-c', 'mkdir -p "/home/caiomendes/Documents/airflow/mes=2022-12-02"']
[2022-12-02 19:27:15,694] {subprocess.py:85} INFO - Output:
[2022-12-02 19:27:15,704] {subprocess.py:96} INFO - Command exited with return code 0
[2022-12-02 19:27:15,753] {taskinstance.py:1395} INFO - Marking task as SUCCESS. dag_id=transferencia_obrigatoria_uniao, task_id=cria_pasta, execution_date=20221102T110000, start_date=20221202T222715, end_date=20221202T222715
[2022-12-02 19:27:15,808] {local_task_job.py:156} INFO - Task exited with return code 0
[2022-12-02 19:27:15,835] {local_task_job.py:273} INFO - 1 downstream tasks scheduled from follow-on schedule check
[2022-12-02 19:39:28,046] {taskinstance.py:1159} INFO - Dependencies all met for <TaskInstance: transferencia_obrigatoria_uniao.cria_pasta scheduled__2022-11-02T11:00:00+00:00 [queued]>
[2022-12-02 19:39:28,052] {taskinstance.py:1159} INFO - Dependencies all met for <TaskInstance: transferencia_obrigatoria_uniao.cria_pasta scheduled__2022-11-02T11:00:00+00:00 [queued]>
[2022-12-02 19:39:28,052] {taskinstance.py:1356} INFO - 
--------------------------------------------------------------------------------
[2022-12-02 19:39:28,052] {taskinstance.py:1357} INFO - Starting attempt 1 of 1
[2022-12-02 19:39:28,052] {taskinstance.py:1358} INFO - 
--------------------------------------------------------------------------------
[2022-12-02 19:39:28,064] {taskinstance.py:1377} INFO - Executing <Task(BashOperator): cria_pasta> on 2022-11-02 11:00:00+00:00
[2022-12-02 19:39:28,067] {standard_task_runner.py:52} INFO - Started process 45678 to run task
[2022-12-02 19:39:28,072] {standard_task_runner.py:79} INFO - Running: ['airflow', 'tasks', 'run', 'transferencia_obrigatoria_uniao', 'cria_pasta', 'scheduled__2022-11-02T11:00:00+00:00', '--job-id', '15', '--raw', '--subdir', 'DAGS_FOLDER/transferencia_obrigatoria_uniao.py', '--cfg-path', '/tmp/tmpjx8yxwbc', '--error-file', '/tmp/tmp290swzt3']
[2022-12-02 19:39:28,073] {standard_task_runner.py:80} INFO - Job 15: Subtask cria_pasta
[2022-12-02 19:39:28,160] {task_command.py:370} INFO - Running <TaskInstance: transferencia_obrigatoria_uniao.cria_pasta scheduled__2022-11-02T11:00:00+00:00 [running]> on host caiomendes-virtual-machine
[2022-12-02 19:39:28,251] {taskinstance.py:1569} INFO - Exporting the following env vars:
AIRFLOW_CTX_DAG_OWNER=airflow
AIRFLOW_CTX_DAG_ID=transferencia_obrigatoria_uniao
AIRFLOW_CTX_TASK_ID=cria_pasta
AIRFLOW_CTX_EXECUTION_DATE=2022-11-02T11:00:00+00:00
AIRFLOW_CTX_TRY_NUMBER=1
AIRFLOW_CTX_DAG_RUN_ID=scheduled__2022-11-02T11:00:00+00:00
[2022-12-02 19:39:28,252] {subprocess.py:62} INFO - Tmp dir root location: 
 /tmp
[2022-12-02 19:39:28,252] {subprocess.py:74} INFO - Running command: ['bash', '-c', 'mkdir -p "/home/caiomendes/Documents/airflow/mes=2022-12-02"']
[2022-12-02 19:39:28,262] {subprocess.py:85} INFO - Output:
[2022-12-02 19:39:28,269] {subprocess.py:96} INFO - Command exited with return code 0
[2022-12-02 19:39:28,308] {taskinstance.py:1395} INFO - Marking task as SUCCESS. dag_id=transferencia_obrigatoria_uniao, task_id=cria_pasta, execution_date=20221102T110000, start_date=20221202T223928, end_date=20221202T223928
[2022-12-02 19:39:28,367] {local_task_job.py:156} INFO - Task exited with return code 0
[2022-12-02 19:39:28,441] {local_task_job.py:273} INFO - 1 downstream tasks scheduled from follow-on schedule check
[2022-12-02 19:44:16,822] {taskinstance.py:1159} INFO - Dependencies all met for <TaskInstance: transferencia_obrigatoria_uniao.cria_pasta scheduled__2022-11-02T11:00:00+00:00 [queued]>
[2022-12-02 19:44:16,826] {taskinstance.py:1159} INFO - Dependencies all met for <TaskInstance: transferencia_obrigatoria_uniao.cria_pasta scheduled__2022-11-02T11:00:00+00:00 [queued]>
[2022-12-02 19:44:16,826] {taskinstance.py:1356} INFO - 
--------------------------------------------------------------------------------
[2022-12-02 19:44:16,826] {taskinstance.py:1357} INFO - Starting attempt 1 of 1
[2022-12-02 19:44:16,826] {taskinstance.py:1358} INFO - 
--------------------------------------------------------------------------------
[2022-12-02 19:44:16,850] {taskinstance.py:1377} INFO - Executing <Task(BashOperator): cria_pasta> on 2022-11-02 11:00:00+00:00
[2022-12-02 19:44:16,857] {standard_task_runner.py:52} INFO - Started process 47067 to run task
[2022-12-02 19:44:16,869] {standard_task_runner.py:79} INFO - Running: ['airflow', 'tasks', 'run', 'transferencia_obrigatoria_uniao', 'cria_pasta', 'scheduled__2022-11-02T11:00:00+00:00', '--job-id', '16', '--raw', '--subdir', 'DAGS_FOLDER/transferencia_obrigatoria_uniao.py', '--cfg-path', '/tmp/tmph166_4ev', '--error-file', '/tmp/tmpnv_ri4_f']
[2022-12-02 19:44:16,872] {standard_task_runner.py:80} INFO - Job 16: Subtask cria_pasta
[2022-12-02 19:44:16,944] {task_command.py:370} INFO - Running <TaskInstance: transferencia_obrigatoria_uniao.cria_pasta scheduled__2022-11-02T11:00:00+00:00 [running]> on host caiomendes-virtual-machine
[2022-12-02 19:44:17,021] {taskinstance.py:1569} INFO - Exporting the following env vars:
AIRFLOW_CTX_DAG_OWNER=airflow
AIRFLOW_CTX_DAG_ID=transferencia_obrigatoria_uniao
AIRFLOW_CTX_TASK_ID=cria_pasta
AIRFLOW_CTX_EXECUTION_DATE=2022-11-02T11:00:00+00:00
AIRFLOW_CTX_TRY_NUMBER=1
AIRFLOW_CTX_DAG_RUN_ID=scheduled__2022-11-02T11:00:00+00:00
[2022-12-02 19:44:17,023] {subprocess.py:62} INFO - Tmp dir root location: 
 /tmp
[2022-12-02 19:44:17,024] {subprocess.py:74} INFO - Running command: ['bash', '-c', 'mkdir -p "/home/caiomendes/Documents/airflow/mes=2022-12-02"']
[2022-12-02 19:44:17,036] {subprocess.py:85} INFO - Output:
[2022-12-02 19:44:17,040] {subprocess.py:96} INFO - Command exited with return code 0
[2022-12-02 19:44:17,074] {taskinstance.py:1395} INFO - Marking task as SUCCESS. dag_id=transferencia_obrigatoria_uniao, task_id=cria_pasta, execution_date=20221102T110000, start_date=20221202T224416, end_date=20221202T224417
[2022-12-02 19:44:17,120] {local_task_job.py:156} INFO - Task exited with return code 0
[2022-12-02 19:44:17,164] {local_task_job.py:273} INFO - 1 downstream tasks scheduled from follow-on schedule check
[2022-12-02 19:58:11,463] {taskinstance.py:1159} INFO - Dependencies all met for <TaskInstance: transferencia_obrigatoria_uniao.cria_pasta scheduled__2022-11-02T11:00:00+00:00 [queued]>
[2022-12-02 19:58:11,483] {taskinstance.py:1159} INFO - Dependencies all met for <TaskInstance: transferencia_obrigatoria_uniao.cria_pasta scheduled__2022-11-02T11:00:00+00:00 [queued]>
[2022-12-02 19:58:11,484] {taskinstance.py:1356} INFO - 
--------------------------------------------------------------------------------
[2022-12-02 19:58:11,484] {taskinstance.py:1357} INFO - Starting attempt 1 of 1
[2022-12-02 19:58:11,484] {taskinstance.py:1358} INFO - 
--------------------------------------------------------------------------------
[2022-12-02 19:58:11,520] {taskinstance.py:1377} INFO - Executing <Task(BashOperator): cria_pasta> on 2022-11-02 11:00:00+00:00
[2022-12-02 19:58:11,524] {standard_task_runner.py:52} INFO - Started process 51240 to run task
[2022-12-02 19:58:11,534] {standard_task_runner.py:79} INFO - Running: ['airflow', 'tasks', 'run', 'transferencia_obrigatoria_uniao', 'cria_pasta', 'scheduled__2022-11-02T11:00:00+00:00', '--job-id', '18', '--raw', '--subdir', 'DAGS_FOLDER/transferencia_obrigatoria_uniao.py', '--cfg-path', '/tmp/tmpi_xx8kuf', '--error-file', '/tmp/tmp06nfcy19']
[2022-12-02 19:58:11,535] {standard_task_runner.py:80} INFO - Job 18: Subtask cria_pasta
[2022-12-02 19:58:11,624] {task_command.py:370} INFO - Running <TaskInstance: transferencia_obrigatoria_uniao.cria_pasta scheduled__2022-11-02T11:00:00+00:00 [running]> on host caiomendes-virtual-machine
[2022-12-02 19:58:11,696] {taskinstance.py:1569} INFO - Exporting the following env vars:
AIRFLOW_CTX_DAG_OWNER=airflow
AIRFLOW_CTX_DAG_ID=transferencia_obrigatoria_uniao
AIRFLOW_CTX_TASK_ID=cria_pasta
AIRFLOW_CTX_EXECUTION_DATE=2022-11-02T11:00:00+00:00
AIRFLOW_CTX_TRY_NUMBER=1
AIRFLOW_CTX_DAG_RUN_ID=scheduled__2022-11-02T11:00:00+00:00
[2022-12-02 19:58:11,698] {subprocess.py:62} INFO - Tmp dir root location: 
 /tmp
[2022-12-02 19:58:11,698] {subprocess.py:74} INFO - Running command: ['bash', '-c', 'mkdir -p "/home/caiomendes/Documents/airflow/mes=2022-12-02"']
[2022-12-02 19:58:11,721] {subprocess.py:85} INFO - Output:
[2022-12-02 19:58:11,729] {subprocess.py:96} INFO - Command exited with return code 0
[2022-12-02 19:58:11,780] {taskinstance.py:1395} INFO - Marking task as SUCCESS. dag_id=transferencia_obrigatoria_uniao, task_id=cria_pasta, execution_date=20221102T110000, start_date=20221202T225811, end_date=20221202T225811
[2022-12-02 19:58:11,830] {local_task_job.py:156} INFO - Task exited with return code 0
[2022-12-02 19:58:11,911] {local_task_job.py:273} INFO - 1 downstream tasks scheduled from follow-on schedule check
