[2022-12-02 19:25:58,574] {taskinstance.py:1159} INFO - Dependencies all met for <TaskInstance: transferencia_obrigatoria_uniao.cria_pasta scheduled__2022-09-02T11:00:00+00:00 [queued]>
[2022-12-02 19:25:58,590] {taskinstance.py:1159} INFO - Dependencies all met for <TaskInstance: transferencia_obrigatoria_uniao.cria_pasta scheduled__2022-09-02T11:00:00+00:00 [queued]>
[2022-12-02 19:25:58,590] {taskinstance.py:1356} INFO - 
--------------------------------------------------------------------------------
[2022-12-02 19:25:58,590] {taskinstance.py:1357} INFO - Starting attempt 1 of 1
[2022-12-02 19:25:58,590] {taskinstance.py:1358} INFO - 
--------------------------------------------------------------------------------
[2022-12-02 19:25:58,639] {taskinstance.py:1377} INFO - Executing <Task(BashOperator): cria_pasta> on 2022-09-02 11:00:00+00:00
[2022-12-02 19:25:58,649] {standard_task_runner.py:52} INFO - Started process 41550 to run task
[2022-12-02 19:25:58,697] {standard_task_runner.py:79} INFO - Running: ['airflow', 'tasks', 'run', 'transferencia_obrigatoria_uniao', 'cria_pasta', 'scheduled__2022-09-02T11:00:00+00:00', '--job-id', '11', '--raw', '--subdir', 'DAGS_FOLDER/transferencia_obrigatoria_uniao.py', '--cfg-path', '/tmp/tmpewk4w8_6', '--error-file', '/tmp/tmpcs5sv_qw']
[2022-12-02 19:25:58,717] {standard_task_runner.py:80} INFO - Job 11: Subtask cria_pasta
[2022-12-02 19:25:58,888] {task_command.py:370} INFO - Running <TaskInstance: transferencia_obrigatoria_uniao.cria_pasta scheduled__2022-09-02T11:00:00+00:00 [running]> on host caiomendes-virtual-machine
[2022-12-02 19:25:59,061] {taskinstance.py:1569} INFO - Exporting the following env vars:
AIRFLOW_CTX_DAG_OWNER=airflow
AIRFLOW_CTX_DAG_ID=transferencia_obrigatoria_uniao
AIRFLOW_CTX_TASK_ID=cria_pasta
AIRFLOW_CTX_EXECUTION_DATE=2022-09-02T11:00:00+00:00
AIRFLOW_CTX_TRY_NUMBER=1
AIRFLOW_CTX_DAG_RUN_ID=scheduled__2022-09-02T11:00:00+00:00
[2022-12-02 19:25:59,062] {subprocess.py:62} INFO - Tmp dir root location: 
 /tmp
[2022-12-02 19:25:59,063] {subprocess.py:74} INFO - Running command: ['bash', '-c', 'mkdir -p "/home/caiomendes/Documents/airflow/mes=2022-10-02"']
[2022-12-02 19:25:59,082] {subprocess.py:85} INFO - Output:
[2022-12-02 19:25:59,087] {subprocess.py:96} INFO - Command exited with return code 0
[2022-12-02 19:25:59,150] {taskinstance.py:1395} INFO - Marking task as SUCCESS. dag_id=transferencia_obrigatoria_uniao, task_id=cria_pasta, execution_date=20220902T110000, start_date=20221202T222558, end_date=20221202T222559
[2022-12-02 19:25:59,187] {local_task_job.py:156} INFO - Task exited with return code 0
[2022-12-02 19:25:59,270] {local_task_job.py:273} INFO - 1 downstream tasks scheduled from follow-on schedule check
[2022-12-02 19:38:37,158] {taskinstance.py:1159} INFO - Dependencies all met for <TaskInstance: transferencia_obrigatoria_uniao.cria_pasta scheduled__2022-09-02T11:00:00+00:00 [queued]>
[2022-12-02 19:38:37,165] {taskinstance.py:1159} INFO - Dependencies all met for <TaskInstance: transferencia_obrigatoria_uniao.cria_pasta scheduled__2022-09-02T11:00:00+00:00 [queued]>
[2022-12-02 19:38:37,165] {taskinstance.py:1356} INFO - 
--------------------------------------------------------------------------------
[2022-12-02 19:38:37,165] {taskinstance.py:1357} INFO - Starting attempt 1 of 1
[2022-12-02 19:38:37,165] {taskinstance.py:1358} INFO - 
--------------------------------------------------------------------------------
[2022-12-02 19:38:37,178] {taskinstance.py:1377} INFO - Executing <Task(BashOperator): cria_pasta> on 2022-09-02 11:00:00+00:00
[2022-12-02 19:38:37,184] {standard_task_runner.py:52} INFO - Started process 45467 to run task
[2022-12-02 19:38:37,191] {standard_task_runner.py:79} INFO - Running: ['airflow', 'tasks', 'run', 'transferencia_obrigatoria_uniao', 'cria_pasta', 'scheduled__2022-09-02T11:00:00+00:00', '--job-id', '11', '--raw', '--subdir', 'DAGS_FOLDER/transferencia_obrigatoria_uniao.py', '--cfg-path', '/tmp/tmph_0ssk79', '--error-file', '/tmp/tmpcveoqu4v']
[2022-12-02 19:38:37,193] {standard_task_runner.py:80} INFO - Job 11: Subtask cria_pasta
[2022-12-02 19:38:37,301] {task_command.py:370} INFO - Running <TaskInstance: transferencia_obrigatoria_uniao.cria_pasta scheduled__2022-09-02T11:00:00+00:00 [running]> on host caiomendes-virtual-machine
[2022-12-02 19:38:37,400] {taskinstance.py:1569} INFO - Exporting the following env vars:
AIRFLOW_CTX_DAG_OWNER=airflow
AIRFLOW_CTX_DAG_ID=transferencia_obrigatoria_uniao
AIRFLOW_CTX_TASK_ID=cria_pasta
AIRFLOW_CTX_EXECUTION_DATE=2022-09-02T11:00:00+00:00
AIRFLOW_CTX_TRY_NUMBER=1
AIRFLOW_CTX_DAG_RUN_ID=scheduled__2022-09-02T11:00:00+00:00
[2022-12-02 19:38:37,402] {subprocess.py:62} INFO - Tmp dir root location: 
 /tmp
[2022-12-02 19:38:37,402] {subprocess.py:74} INFO - Running command: ['bash', '-c', 'mkdir -p "/home/caiomendes/Documents/airflow/mes=2022-10-02"']
[2022-12-02 19:38:37,417] {subprocess.py:85} INFO - Output:
[2022-12-02 19:38:37,422] {subprocess.py:96} INFO - Command exited with return code 0
[2022-12-02 19:38:37,453] {taskinstance.py:1395} INFO - Marking task as SUCCESS. dag_id=transferencia_obrigatoria_uniao, task_id=cria_pasta, execution_date=20220902T110000, start_date=20221202T223837, end_date=20221202T223837
[2022-12-02 19:38:37,489] {local_task_job.py:156} INFO - Task exited with return code 0
[2022-12-02 19:38:37,561] {local_task_job.py:273} INFO - 1 downstream tasks scheduled from follow-on schedule check
[2022-12-02 19:43:12,279] {taskinstance.py:1159} INFO - Dependencies all met for <TaskInstance: transferencia_obrigatoria_uniao.cria_pasta scheduled__2022-09-02T11:00:00+00:00 [queued]>
[2022-12-02 19:43:12,287] {taskinstance.py:1159} INFO - Dependencies all met for <TaskInstance: transferencia_obrigatoria_uniao.cria_pasta scheduled__2022-09-02T11:00:00+00:00 [queued]>
[2022-12-02 19:43:12,287] {taskinstance.py:1356} INFO - 
--------------------------------------------------------------------------------
[2022-12-02 19:43:12,287] {taskinstance.py:1357} INFO - Starting attempt 1 of 1
[2022-12-02 19:43:12,287] {taskinstance.py:1358} INFO - 
--------------------------------------------------------------------------------
[2022-12-02 19:43:12,302] {taskinstance.py:1377} INFO - Executing <Task(BashOperator): cria_pasta> on 2022-09-02 11:00:00+00:00
[2022-12-02 19:43:12,307] {standard_task_runner.py:52} INFO - Started process 46773 to run task
[2022-12-02 19:43:12,317] {standard_task_runner.py:79} INFO - Running: ['airflow', 'tasks', 'run', 'transferencia_obrigatoria_uniao', 'cria_pasta', 'scheduled__2022-09-02T11:00:00+00:00', '--job-id', '11', '--raw', '--subdir', 'DAGS_FOLDER/transferencia_obrigatoria_uniao.py', '--cfg-path', '/tmp/tmpixa0fdec', '--error-file', '/tmp/tmpq4hr8nvi']
[2022-12-02 19:43:12,318] {standard_task_runner.py:80} INFO - Job 11: Subtask cria_pasta
[2022-12-02 19:43:12,440] {task_command.py:370} INFO - Running <TaskInstance: transferencia_obrigatoria_uniao.cria_pasta scheduled__2022-09-02T11:00:00+00:00 [running]> on host caiomendes-virtual-machine
[2022-12-02 19:43:12,587] {taskinstance.py:1569} INFO - Exporting the following env vars:
AIRFLOW_CTX_DAG_OWNER=airflow
AIRFLOW_CTX_DAG_ID=transferencia_obrigatoria_uniao
AIRFLOW_CTX_TASK_ID=cria_pasta
AIRFLOW_CTX_EXECUTION_DATE=2022-09-02T11:00:00+00:00
AIRFLOW_CTX_TRY_NUMBER=1
AIRFLOW_CTX_DAG_RUN_ID=scheduled__2022-09-02T11:00:00+00:00
[2022-12-02 19:43:12,598] {subprocess.py:62} INFO - Tmp dir root location: 
 /tmp
[2022-12-02 19:43:12,602] {subprocess.py:74} INFO - Running command: ['bash', '-c', 'mkdir -p "/home/caiomendes/Documents/airflow/mes=2022-10-02"']
[2022-12-02 19:43:12,621] {subprocess.py:85} INFO - Output:
[2022-12-02 19:43:12,631] {subprocess.py:96} INFO - Command exited with return code 0
[2022-12-02 19:43:12,704] {taskinstance.py:1395} INFO - Marking task as SUCCESS. dag_id=transferencia_obrigatoria_uniao, task_id=cria_pasta, execution_date=20220902T110000, start_date=20221202T224312, end_date=20221202T224312
[2022-12-02 19:43:12,728] {local_task_job.py:156} INFO - Task exited with return code 0
[2022-12-02 19:43:12,818] {local_task_job.py:273} INFO - 1 downstream tasks scheduled from follow-on schedule check
[2022-12-02 19:57:23,376] {taskinstance.py:1159} INFO - Dependencies all met for <TaskInstance: transferencia_obrigatoria_uniao.cria_pasta scheduled__2022-09-02T11:00:00+00:00 [queued]>
[2022-12-02 19:57:23,389] {taskinstance.py:1159} INFO - Dependencies all met for <TaskInstance: transferencia_obrigatoria_uniao.cria_pasta scheduled__2022-09-02T11:00:00+00:00 [queued]>
[2022-12-02 19:57:23,389] {taskinstance.py:1356} INFO - 
--------------------------------------------------------------------------------
[2022-12-02 19:57:23,390] {taskinstance.py:1357} INFO - Starting attempt 1 of 1
[2022-12-02 19:57:23,390] {taskinstance.py:1358} INFO - 
--------------------------------------------------------------------------------
[2022-12-02 19:57:23,422] {taskinstance.py:1377} INFO - Executing <Task(BashOperator): cria_pasta> on 2022-09-02 11:00:00+00:00
[2022-12-02 19:57:23,430] {standard_task_runner.py:52} INFO - Started process 51047 to run task
[2022-12-02 19:57:23,437] {standard_task_runner.py:79} INFO - Running: ['airflow', 'tasks', 'run', 'transferencia_obrigatoria_uniao', 'cria_pasta', 'scheduled__2022-09-02T11:00:00+00:00', '--job-id', '13', '--raw', '--subdir', 'DAGS_FOLDER/transferencia_obrigatoria_uniao.py', '--cfg-path', '/tmp/tmpwjfxrw2q', '--error-file', '/tmp/tmpaovx6z0i']
[2022-12-02 19:57:23,439] {standard_task_runner.py:80} INFO - Job 13: Subtask cria_pasta
[2022-12-02 19:57:23,522] {task_command.py:370} INFO - Running <TaskInstance: transferencia_obrigatoria_uniao.cria_pasta scheduled__2022-09-02T11:00:00+00:00 [running]> on host caiomendes-virtual-machine
[2022-12-02 19:57:23,638] {taskinstance.py:1569} INFO - Exporting the following env vars:
AIRFLOW_CTX_DAG_OWNER=airflow
AIRFLOW_CTX_DAG_ID=transferencia_obrigatoria_uniao
AIRFLOW_CTX_TASK_ID=cria_pasta
AIRFLOW_CTX_EXECUTION_DATE=2022-09-02T11:00:00+00:00
AIRFLOW_CTX_TRY_NUMBER=1
AIRFLOW_CTX_DAG_RUN_ID=scheduled__2022-09-02T11:00:00+00:00
[2022-12-02 19:57:23,645] {subprocess.py:62} INFO - Tmp dir root location: 
 /tmp
[2022-12-02 19:57:23,647] {subprocess.py:74} INFO - Running command: ['bash', '-c', 'mkdir -p "/home/caiomendes/Documents/airflow/mes=2022-10-02"']
[2022-12-02 19:57:23,685] {subprocess.py:85} INFO - Output:
[2022-12-02 19:57:23,687] {subprocess.py:96} INFO - Command exited with return code 0
[2022-12-02 19:57:23,719] {taskinstance.py:1395} INFO - Marking task as SUCCESS. dag_id=transferencia_obrigatoria_uniao, task_id=cria_pasta, execution_date=20220902T110000, start_date=20221202T225723, end_date=20221202T225723
[2022-12-02 19:57:23,771] {local_task_job.py:156} INFO - Task exited with return code 0
[2022-12-02 19:57:23,853] {local_task_job.py:273} INFO - 1 downstream tasks scheduled from follow-on schedule check
