[2022-12-02 19:26:51,505] {taskinstance.py:1159} INFO - Dependencies all met for <TaskInstance: transferencia_obrigatoria_uniao.extrai_dados scheduled__2022-10-02T11:00:00+00:00 [queued]>
[2022-12-02 19:26:51,514] {taskinstance.py:1159} INFO - Dependencies all met for <TaskInstance: transferencia_obrigatoria_uniao.extrai_dados scheduled__2022-10-02T11:00:00+00:00 [queued]>
[2022-12-02 19:26:51,514] {taskinstance.py:1356} INFO - 
--------------------------------------------------------------------------------
[2022-12-02 19:26:51,514] {taskinstance.py:1357} INFO - Starting attempt 1 of 1
[2022-12-02 19:26:51,514] {taskinstance.py:1358} INFO - 
--------------------------------------------------------------------------------
[2022-12-02 19:26:51,525] {taskinstance.py:1377} INFO - Executing <Task(PythonOperator): extrai_dados> on 2022-10-02 11:00:00+00:00
[2022-12-02 19:26:51,529] {standard_task_runner.py:52} INFO - Started process 41752 to run task
[2022-12-02 19:26:51,532] {standard_task_runner.py:79} INFO - Running: ['airflow', 'tasks', 'run', 'transferencia_obrigatoria_uniao', 'extrai_dados', 'scheduled__2022-10-02T11:00:00+00:00', '--job-id', '15', '--raw', '--subdir', 'DAGS_FOLDER/transferencia_obrigatoria_uniao.py', '--cfg-path', '/tmp/tmpniqlr3_q', '--error-file', '/tmp/tmpoh7g2i18']
[2022-12-02 19:26:51,533] {standard_task_runner.py:80} INFO - Job 15: Subtask extrai_dados
[2022-12-02 19:26:51,606] {task_command.py:370} INFO - Running <TaskInstance: transferencia_obrigatoria_uniao.extrai_dados scheduled__2022-10-02T11:00:00+00:00 [running]> on host caiomendes-virtual-machine
[2022-12-02 19:26:51,715] {taskinstance.py:1569} INFO - Exporting the following env vars:
AIRFLOW_CTX_DAG_OWNER=airflow
AIRFLOW_CTX_DAG_ID=transferencia_obrigatoria_uniao
AIRFLOW_CTX_TASK_ID=extrai_dados
AIRFLOW_CTX_EXECUTION_DATE=2022-10-02T11:00:00+00:00
AIRFLOW_CTX_TRY_NUMBER=1
AIRFLOW_CTX_DAG_RUN_ID=scheduled__2022-10-02T11:00:00+00:00
[2022-12-02 19:27:10,727] {python.py:173} INFO - Done. Returned value was: None
[2022-12-02 19:27:10,734] {taskinstance.py:1395} INFO - Marking task as SUCCESS. dag_id=transferencia_obrigatoria_uniao, task_id=extrai_dados, execution_date=20221002T110000, start_date=20221202T222651, end_date=20221202T222710
[2022-12-02 19:27:10,775] {local_task_job.py:156} INFO - Task exited with return code 0
[2022-12-02 19:27:10,798] {local_task_job.py:273} INFO - 0 downstream tasks scheduled from follow-on schedule check
[2022-12-02 19:39:30,767] {taskinstance.py:1159} INFO - Dependencies all met for <TaskInstance: transferencia_obrigatoria_uniao.extrai_dados scheduled__2022-10-02T11:00:00+00:00 [queued]>
[2022-12-02 19:39:30,787] {taskinstance.py:1159} INFO - Dependencies all met for <TaskInstance: transferencia_obrigatoria_uniao.extrai_dados scheduled__2022-10-02T11:00:00+00:00 [queued]>
[2022-12-02 19:39:30,787] {taskinstance.py:1356} INFO - 
--------------------------------------------------------------------------------
[2022-12-02 19:39:30,787] {taskinstance.py:1357} INFO - Starting attempt 1 of 1
[2022-12-02 19:39:30,787] {taskinstance.py:1358} INFO - 
--------------------------------------------------------------------------------
[2022-12-02 19:39:30,804] {taskinstance.py:1377} INFO - Executing <Task(PythonOperator): extrai_dados> on 2022-10-02 11:00:00+00:00
[2022-12-02 19:39:30,814] {standard_task_runner.py:52} INFO - Started process 45695 to run task
[2022-12-02 19:39:30,819] {standard_task_runner.py:79} INFO - Running: ['airflow', 'tasks', 'run', 'transferencia_obrigatoria_uniao', 'extrai_dados', 'scheduled__2022-10-02T11:00:00+00:00', '--job-id', '16', '--raw', '--subdir', 'DAGS_FOLDER/transferencia_obrigatoria_uniao.py', '--cfg-path', '/tmp/tmpd4sctg9p', '--error-file', '/tmp/tmpnlf48s46']
[2022-12-02 19:39:30,822] {standard_task_runner.py:80} INFO - Job 16: Subtask extrai_dados
[2022-12-02 19:39:30,895] {task_command.py:370} INFO - Running <TaskInstance: transferencia_obrigatoria_uniao.extrai_dados scheduled__2022-10-02T11:00:00+00:00 [running]> on host caiomendes-virtual-machine
[2022-12-02 19:39:30,980] {taskinstance.py:1569} INFO - Exporting the following env vars:
AIRFLOW_CTX_DAG_OWNER=airflow
AIRFLOW_CTX_DAG_ID=transferencia_obrigatoria_uniao
AIRFLOW_CTX_TASK_ID=extrai_dados
AIRFLOW_CTX_EXECUTION_DATE=2022-10-02T11:00:00+00:00
AIRFLOW_CTX_TRY_NUMBER=1
AIRFLOW_CTX_DAG_RUN_ID=scheduled__2022-10-02T11:00:00+00:00
[2022-12-02 19:39:49,982] {python.py:173} INFO - Done. Returned value was: None
[2022-12-02 19:39:50,011] {taskinstance.py:1395} INFO - Marking task as SUCCESS. dag_id=transferencia_obrigatoria_uniao, task_id=extrai_dados, execution_date=20221002T110000, start_date=20221202T223930, end_date=20221202T223950
[2022-12-02 19:39:50,050] {local_task_job.py:156} INFO - Task exited with return code 0
[2022-12-02 19:39:50,075] {local_task_job.py:273} INFO - 0 downstream tasks scheduled from follow-on schedule check
[2022-12-02 19:43:57,425] {taskinstance.py:1159} INFO - Dependencies all met for <TaskInstance: transferencia_obrigatoria_uniao.extrai_dados scheduled__2022-10-02T11:00:00+00:00 [queued]>
[2022-12-02 19:43:57,435] {taskinstance.py:1159} INFO - Dependencies all met for <TaskInstance: transferencia_obrigatoria_uniao.extrai_dados scheduled__2022-10-02T11:00:00+00:00 [queued]>
[2022-12-02 19:43:57,436] {taskinstance.py:1356} INFO - 
--------------------------------------------------------------------------------
[2022-12-02 19:43:57,436] {taskinstance.py:1357} INFO - Starting attempt 1 of 1
[2022-12-02 19:43:57,436] {taskinstance.py:1358} INFO - 
--------------------------------------------------------------------------------
[2022-12-02 19:43:57,466] {taskinstance.py:1377} INFO - Executing <Task(PythonOperator): extrai_dados> on 2022-10-02 11:00:00+00:00
[2022-12-02 19:43:57,478] {standard_task_runner.py:52} INFO - Started process 46978 to run task
[2022-12-02 19:43:57,489] {standard_task_runner.py:79} INFO - Running: ['airflow', 'tasks', 'run', 'transferencia_obrigatoria_uniao', 'extrai_dados', 'scheduled__2022-10-02T11:00:00+00:00', '--job-id', '15', '--raw', '--subdir', 'DAGS_FOLDER/transferencia_obrigatoria_uniao.py', '--cfg-path', '/tmp/tmpqmu4dke_', '--error-file', '/tmp/tmp9fqffynb']
[2022-12-02 19:43:57,491] {standard_task_runner.py:80} INFO - Job 15: Subtask extrai_dados
[2022-12-02 19:43:57,606] {task_command.py:370} INFO - Running <TaskInstance: transferencia_obrigatoria_uniao.extrai_dados scheduled__2022-10-02T11:00:00+00:00 [running]> on host caiomendes-virtual-machine
[2022-12-02 19:43:57,712] {taskinstance.py:1569} INFO - Exporting the following env vars:
AIRFLOW_CTX_DAG_OWNER=airflow
AIRFLOW_CTX_DAG_ID=transferencia_obrigatoria_uniao
AIRFLOW_CTX_TASK_ID=extrai_dados
AIRFLOW_CTX_EXECUTION_DATE=2022-10-02T11:00:00+00:00
AIRFLOW_CTX_TRY_NUMBER=1
AIRFLOW_CTX_DAG_RUN_ID=scheduled__2022-10-02T11:00:00+00:00
[2022-12-02 19:44:12,844] {python.py:173} INFO - Done. Returned value was: None
[2022-12-02 19:44:12,850] {taskinstance.py:1395} INFO - Marking task as SUCCESS. dag_id=transferencia_obrigatoria_uniao, task_id=extrai_dados, execution_date=20221002T110000, start_date=20221202T224357, end_date=20221202T224412
[2022-12-02 19:44:12,899] {local_task_job.py:156} INFO - Task exited with return code 0
[2022-12-02 19:44:12,927] {local_task_job.py:273} INFO - 0 downstream tasks scheduled from follow-on schedule check
[2022-12-02 19:58:14,846] {taskinstance.py:1159} INFO - Dependencies all met for <TaskInstance: transferencia_obrigatoria_uniao.extrai_dados scheduled__2022-10-02T11:00:00+00:00 [queued]>
[2022-12-02 19:58:14,857] {taskinstance.py:1159} INFO - Dependencies all met for <TaskInstance: transferencia_obrigatoria_uniao.extrai_dados scheduled__2022-10-02T11:00:00+00:00 [queued]>
[2022-12-02 19:58:14,857] {taskinstance.py:1356} INFO - 
--------------------------------------------------------------------------------
[2022-12-02 19:58:14,857] {taskinstance.py:1357} INFO - Starting attempt 1 of 1
[2022-12-02 19:58:14,858] {taskinstance.py:1358} INFO - 
--------------------------------------------------------------------------------
[2022-12-02 19:58:14,880] {taskinstance.py:1377} INFO - Executing <Task(PythonOperator): extrai_dados> on 2022-10-02 11:00:00+00:00
[2022-12-02 19:58:14,888] {standard_task_runner.py:52} INFO - Started process 51256 to run task
[2022-12-02 19:58:14,897] {standard_task_runner.py:79} INFO - Running: ['airflow', 'tasks', 'run', 'transferencia_obrigatoria_uniao', 'extrai_dados', 'scheduled__2022-10-02T11:00:00+00:00', '--job-id', '19', '--raw', '--subdir', 'DAGS_FOLDER/transferencia_obrigatoria_uniao.py', '--cfg-path', '/tmp/tmp8q1sxa9d', '--error-file', '/tmp/tmpxamxyz6x']
[2022-12-02 19:58:14,898] {standard_task_runner.py:80} INFO - Job 19: Subtask extrai_dados
[2022-12-02 19:58:14,981] {task_command.py:370} INFO - Running <TaskInstance: transferencia_obrigatoria_uniao.extrai_dados scheduled__2022-10-02T11:00:00+00:00 [running]> on host caiomendes-virtual-machine
[2022-12-02 19:58:15,053] {taskinstance.py:1569} INFO - Exporting the following env vars:
AIRFLOW_CTX_DAG_OWNER=airflow
AIRFLOW_CTX_DAG_ID=transferencia_obrigatoria_uniao
AIRFLOW_CTX_TASK_ID=extrai_dados
AIRFLOW_CTX_EXECUTION_DATE=2022-10-02T11:00:00+00:00
AIRFLOW_CTX_TRY_NUMBER=1
AIRFLOW_CTX_DAG_RUN_ID=scheduled__2022-10-02T11:00:00+00:00
[2022-12-02 19:58:29,903] {python.py:173} INFO - Done. Returned value was: None
[2022-12-02 19:58:29,913] {taskinstance.py:1395} INFO - Marking task as SUCCESS. dag_id=transferencia_obrigatoria_uniao, task_id=extrai_dados, execution_date=20221002T110000, start_date=20221202T225814, end_date=20221202T225829
[2022-12-02 19:58:29,993] {local_task_job.py:156} INFO - Task exited with return code 0
[2022-12-02 19:58:30,034] {local_task_job.py:273} INFO - 1 downstream tasks scheduled from follow-on schedule check
