[2022-12-02 19:27:18,839] {taskinstance.py:1159} INFO - Dependencies all met for <TaskInstance: transferencia_obrigatoria_uniao.extrai_dados scheduled__2022-11-02T11:00:00+00:00 [queued]>
[2022-12-02 19:27:18,851] {taskinstance.py:1159} INFO - Dependencies all met for <TaskInstance: transferencia_obrigatoria_uniao.extrai_dados scheduled__2022-11-02T11:00:00+00:00 [queued]>
[2022-12-02 19:27:18,852] {taskinstance.py:1356} INFO - 
--------------------------------------------------------------------------------
[2022-12-02 19:27:18,852] {taskinstance.py:1357} INFO - Starting attempt 1 of 1
[2022-12-02 19:27:18,852] {taskinstance.py:1358} INFO - 
--------------------------------------------------------------------------------
[2022-12-02 19:27:18,874] {taskinstance.py:1377} INFO - Executing <Task(PythonOperator): extrai_dados> on 2022-11-02 11:00:00+00:00
[2022-12-02 19:27:18,877] {standard_task_runner.py:52} INFO - Started process 41867 to run task
[2022-12-02 19:27:18,881] {standard_task_runner.py:79} INFO - Running: ['airflow', 'tasks', 'run', 'transferencia_obrigatoria_uniao', 'extrai_dados', 'scheduled__2022-11-02T11:00:00+00:00', '--job-id', '17', '--raw', '--subdir', 'DAGS_FOLDER/transferencia_obrigatoria_uniao.py', '--cfg-path', '/tmp/tmp8p0emz5g', '--error-file', '/tmp/tmp6f20l_sd']
[2022-12-02 19:27:18,886] {standard_task_runner.py:80} INFO - Job 17: Subtask extrai_dados
[2022-12-02 19:27:18,974] {task_command.py:370} INFO - Running <TaskInstance: transferencia_obrigatoria_uniao.extrai_dados scheduled__2022-11-02T11:00:00+00:00 [running]> on host caiomendes-virtual-machine
[2022-12-02 19:27:19,062] {taskinstance.py:1569} INFO - Exporting the following env vars:
AIRFLOW_CTX_DAG_OWNER=airflow
AIRFLOW_CTX_DAG_ID=transferencia_obrigatoria_uniao
AIRFLOW_CTX_TASK_ID=extrai_dados
AIRFLOW_CTX_EXECUTION_DATE=2022-11-02T11:00:00+00:00
AIRFLOW_CTX_TRY_NUMBER=1
AIRFLOW_CTX_DAG_RUN_ID=scheduled__2022-11-02T11:00:00+00:00
[2022-12-02 19:27:37,951] {python.py:173} INFO - Done. Returned value was: None
[2022-12-02 19:27:37,960] {taskinstance.py:1395} INFO - Marking task as SUCCESS. dag_id=transferencia_obrigatoria_uniao, task_id=extrai_dados, execution_date=20221102T110000, start_date=20221202T222718, end_date=20221202T222737
[2022-12-02 19:27:38,012] {local_task_job.py:156} INFO - Task exited with return code 0
[2022-12-02 19:27:38,037] {local_task_job.py:273} INFO - 0 downstream tasks scheduled from follow-on schedule check
[2022-12-02 19:39:53,073] {taskinstance.py:1159} INFO - Dependencies all met for <TaskInstance: transferencia_obrigatoria_uniao.extrai_dados scheduled__2022-11-02T11:00:00+00:00 [queued]>
[2022-12-02 19:39:53,084] {taskinstance.py:1159} INFO - Dependencies all met for <TaskInstance: transferencia_obrigatoria_uniao.extrai_dados scheduled__2022-11-02T11:00:00+00:00 [queued]>
[2022-12-02 19:39:53,084] {taskinstance.py:1356} INFO - 
--------------------------------------------------------------------------------
[2022-12-02 19:39:53,084] {taskinstance.py:1357} INFO - Starting attempt 1 of 1
[2022-12-02 19:39:53,084] {taskinstance.py:1358} INFO - 
--------------------------------------------------------------------------------
[2022-12-02 19:39:53,102] {taskinstance.py:1377} INFO - Executing <Task(PythonOperator): extrai_dados> on 2022-11-02 11:00:00+00:00
[2022-12-02 19:39:53,107] {standard_task_runner.py:52} INFO - Started process 45776 to run task
[2022-12-02 19:39:53,125] {standard_task_runner.py:79} INFO - Running: ['airflow', 'tasks', 'run', 'transferencia_obrigatoria_uniao', 'extrai_dados', 'scheduled__2022-11-02T11:00:00+00:00', '--job-id', '17', '--raw', '--subdir', 'DAGS_FOLDER/transferencia_obrigatoria_uniao.py', '--cfg-path', '/tmp/tmp0mnyi2oq', '--error-file', '/tmp/tmp2fqedy7z']
[2022-12-02 19:39:53,128] {standard_task_runner.py:80} INFO - Job 17: Subtask extrai_dados
[2022-12-02 19:39:53,218] {task_command.py:370} INFO - Running <TaskInstance: transferencia_obrigatoria_uniao.extrai_dados scheduled__2022-11-02T11:00:00+00:00 [running]> on host caiomendes-virtual-machine
[2022-12-02 19:39:53,316] {taskinstance.py:1569} INFO - Exporting the following env vars:
AIRFLOW_CTX_DAG_OWNER=airflow
AIRFLOW_CTX_DAG_ID=transferencia_obrigatoria_uniao
AIRFLOW_CTX_TASK_ID=extrai_dados
AIRFLOW_CTX_EXECUTION_DATE=2022-11-02T11:00:00+00:00
AIRFLOW_CTX_TRY_NUMBER=1
AIRFLOW_CTX_DAG_RUN_ID=scheduled__2022-11-02T11:00:00+00:00
[2022-12-02 19:40:11,480] {python.py:173} INFO - Done. Returned value was: None
[2022-12-02 19:40:11,492] {taskinstance.py:1395} INFO - Marking task as SUCCESS. dag_id=transferencia_obrigatoria_uniao, task_id=extrai_dados, execution_date=20221102T110000, start_date=20221202T223953, end_date=20221202T224011
[2022-12-02 19:40:11,529] {local_task_job.py:156} INFO - Task exited with return code 0
[2022-12-02 19:40:11,552] {local_task_job.py:273} INFO - 0 downstream tasks scheduled from follow-on schedule check
[2022-12-02 19:44:20,776] {taskinstance.py:1159} INFO - Dependencies all met for <TaskInstance: transferencia_obrigatoria_uniao.extrai_dados scheduled__2022-11-02T11:00:00+00:00 [queued]>
[2022-12-02 19:44:20,786] {taskinstance.py:1159} INFO - Dependencies all met for <TaskInstance: transferencia_obrigatoria_uniao.extrai_dados scheduled__2022-11-02T11:00:00+00:00 [queued]>
[2022-12-02 19:44:20,786] {taskinstance.py:1356} INFO - 
--------------------------------------------------------------------------------
[2022-12-02 19:44:20,786] {taskinstance.py:1357} INFO - Starting attempt 1 of 1
[2022-12-02 19:44:20,786] {taskinstance.py:1358} INFO - 
--------------------------------------------------------------------------------
[2022-12-02 19:44:20,801] {taskinstance.py:1377} INFO - Executing <Task(PythonOperator): extrai_dados> on 2022-11-02 11:00:00+00:00
[2022-12-02 19:44:20,807] {standard_task_runner.py:52} INFO - Started process 47092 to run task
[2022-12-02 19:44:20,815] {standard_task_runner.py:79} INFO - Running: ['airflow', 'tasks', 'run', 'transferencia_obrigatoria_uniao', 'extrai_dados', 'scheduled__2022-11-02T11:00:00+00:00', '--job-id', '17', '--raw', '--subdir', 'DAGS_FOLDER/transferencia_obrigatoria_uniao.py', '--cfg-path', '/tmp/tmp3kjiohlk', '--error-file', '/tmp/tmpc1ndx_rd']
[2022-12-02 19:44:20,816] {standard_task_runner.py:80} INFO - Job 17: Subtask extrai_dados
[2022-12-02 19:44:20,947] {task_command.py:370} INFO - Running <TaskInstance: transferencia_obrigatoria_uniao.extrai_dados scheduled__2022-11-02T11:00:00+00:00 [running]> on host caiomendes-virtual-machine
[2022-12-02 19:44:21,117] {taskinstance.py:1569} INFO - Exporting the following env vars:
AIRFLOW_CTX_DAG_OWNER=airflow
AIRFLOW_CTX_DAG_ID=transferencia_obrigatoria_uniao
AIRFLOW_CTX_TASK_ID=extrai_dados
AIRFLOW_CTX_EXECUTION_DATE=2022-11-02T11:00:00+00:00
AIRFLOW_CTX_TRY_NUMBER=1
AIRFLOW_CTX_DAG_RUN_ID=scheduled__2022-11-02T11:00:00+00:00
[2022-12-02 19:44:36,116] {python.py:173} INFO - Done. Returned value was: None
[2022-12-02 19:44:36,122] {taskinstance.py:1395} INFO - Marking task as SUCCESS. dag_id=transferencia_obrigatoria_uniao, task_id=extrai_dados, execution_date=20221102T110000, start_date=20221202T224420, end_date=20221202T224436
[2022-12-02 19:44:36,181] {local_task_job.py:156} INFO - Task exited with return code 0
[2022-12-02 19:44:36,218] {local_task_job.py:273} INFO - 0 downstream tasks scheduled from follow-on schedule check
[2022-12-02 19:58:37,815] {taskinstance.py:1159} INFO - Dependencies all met for <TaskInstance: transferencia_obrigatoria_uniao.extrai_dados scheduled__2022-11-02T11:00:00+00:00 [queued]>
[2022-12-02 19:58:37,832] {taskinstance.py:1159} INFO - Dependencies all met for <TaskInstance: transferencia_obrigatoria_uniao.extrai_dados scheduled__2022-11-02T11:00:00+00:00 [queued]>
[2022-12-02 19:58:37,832] {taskinstance.py:1356} INFO - 
--------------------------------------------------------------------------------
[2022-12-02 19:58:37,832] {taskinstance.py:1357} INFO - Starting attempt 1 of 1
[2022-12-02 19:58:37,832] {taskinstance.py:1358} INFO - 
--------------------------------------------------------------------------------
[2022-12-02 19:58:37,848] {taskinstance.py:1377} INFO - Executing <Task(PythonOperator): extrai_dados> on 2022-11-02 11:00:00+00:00
[2022-12-02 19:58:37,855] {standard_task_runner.py:52} INFO - Started process 51348 to run task
[2022-12-02 19:58:37,869] {standard_task_runner.py:79} INFO - Running: ['airflow', 'tasks', 'run', 'transferencia_obrigatoria_uniao', 'extrai_dados', 'scheduled__2022-11-02T11:00:00+00:00', '--job-id', '21', '--raw', '--subdir', 'DAGS_FOLDER/transferencia_obrigatoria_uniao.py', '--cfg-path', '/tmp/tmpjv7o1a_z', '--error-file', '/tmp/tmpdcggdpm8']
[2022-12-02 19:58:37,871] {standard_task_runner.py:80} INFO - Job 21: Subtask extrai_dados
[2022-12-02 19:58:38,012] {task_command.py:370} INFO - Running <TaskInstance: transferencia_obrigatoria_uniao.extrai_dados scheduled__2022-11-02T11:00:00+00:00 [running]> on host caiomendes-virtual-machine
[2022-12-02 19:58:38,150] {taskinstance.py:1569} INFO - Exporting the following env vars:
AIRFLOW_CTX_DAG_OWNER=airflow
AIRFLOW_CTX_DAG_ID=transferencia_obrigatoria_uniao
AIRFLOW_CTX_TASK_ID=extrai_dados
AIRFLOW_CTX_EXECUTION_DATE=2022-11-02T11:00:00+00:00
AIRFLOW_CTX_TRY_NUMBER=1
AIRFLOW_CTX_DAG_RUN_ID=scheduled__2022-11-02T11:00:00+00:00
[2022-12-02 19:58:53,912] {python.py:173} INFO - Done. Returned value was: None
[2022-12-02 19:58:53,921] {taskinstance.py:1395} INFO - Marking task as SUCCESS. dag_id=transferencia_obrigatoria_uniao, task_id=extrai_dados, execution_date=20221102T110000, start_date=20221202T225837, end_date=20221202T225853
[2022-12-02 19:58:53,986] {local_task_job.py:156} INFO - Task exited with return code 0
[2022-12-02 19:58:54,028] {local_task_job.py:273} INFO - 1 downstream tasks scheduled from follow-on schedule check
