[2022-12-02 19:26:25,404] {taskinstance.py:1159} INFO - Dependencies all met for <TaskInstance: transferencia_obrigatoria_uniao.cria_pasta scheduled__2022-10-02T11:00:00+00:00 [queued]>
[2022-12-02 19:26:25,413] {taskinstance.py:1159} INFO - Dependencies all met for <TaskInstance: transferencia_obrigatoria_uniao.cria_pasta scheduled__2022-10-02T11:00:00+00:00 [queued]>
[2022-12-02 19:26:25,414] {taskinstance.py:1356} INFO - 
--------------------------------------------------------------------------------
[2022-12-02 19:26:25,414] {taskinstance.py:1357} INFO - Starting attempt 1 of 1
[2022-12-02 19:26:25,414] {taskinstance.py:1358} INFO - 
--------------------------------------------------------------------------------
[2022-12-02 19:26:25,439] {taskinstance.py:1377} INFO - Executing <Task(BashOperator): cria_pasta> on 2022-10-02 11:00:00+00:00
[2022-12-02 19:26:25,443] {standard_task_runner.py:52} INFO - Started process 41650 to run task
[2022-12-02 19:26:25,452] {standard_task_runner.py:79} INFO - Running: ['airflow', 'tasks', 'run', 'transferencia_obrigatoria_uniao', 'cria_pasta', 'scheduled__2022-10-02T11:00:00+00:00', '--job-id', '13', '--raw', '--subdir', 'DAGS_FOLDER/transferencia_obrigatoria_uniao.py', '--cfg-path', '/tmp/tmp3r8pegs2', '--error-file', '/tmp/tmpn6qwn3qf']
[2022-12-02 19:26:25,453] {standard_task_runner.py:80} INFO - Job 13: Subtask cria_pasta
[2022-12-02 19:26:25,563] {task_command.py:370} INFO - Running <TaskInstance: transferencia_obrigatoria_uniao.cria_pasta scheduled__2022-10-02T11:00:00+00:00 [running]> on host caiomendes-virtual-machine
[2022-12-02 19:26:25,653] {taskinstance.py:1569} INFO - Exporting the following env vars:
AIRFLOW_CTX_DAG_OWNER=airflow
AIRFLOW_CTX_DAG_ID=transferencia_obrigatoria_uniao
AIRFLOW_CTX_TASK_ID=cria_pasta
AIRFLOW_CTX_EXECUTION_DATE=2022-10-02T11:00:00+00:00
AIRFLOW_CTX_TRY_NUMBER=1
AIRFLOW_CTX_DAG_RUN_ID=scheduled__2022-10-02T11:00:00+00:00
[2022-12-02 19:26:25,656] {subprocess.py:62} INFO - Tmp dir root location: 
 /tmp
[2022-12-02 19:26:25,657] {subprocess.py:74} INFO - Running command: ['bash', '-c', 'mkdir -p "/home/caiomendes/Documents/airflow/mes=2022-11-02"']
[2022-12-02 19:26:25,677] {subprocess.py:85} INFO - Output:
[2022-12-02 19:26:25,678] {subprocess.py:96} INFO - Command exited with return code 0
[2022-12-02 19:26:25,709] {taskinstance.py:1395} INFO - Marking task as SUCCESS. dag_id=transferencia_obrigatoria_uniao, task_id=cria_pasta, execution_date=20221002T110000, start_date=20221202T222625, end_date=20221202T222625
[2022-12-02 19:26:25,748] {local_task_job.py:156} INFO - Task exited with return code 0
[2022-12-02 19:26:25,779] {local_task_job.py:273} INFO - 1 downstream tasks scheduled from follow-on schedule check
[2022-12-02 19:39:02,717] {taskinstance.py:1159} INFO - Dependencies all met for <TaskInstance: transferencia_obrigatoria_uniao.cria_pasta scheduled__2022-10-02T11:00:00+00:00 [queued]>
[2022-12-02 19:39:02,734] {taskinstance.py:1159} INFO - Dependencies all met for <TaskInstance: transferencia_obrigatoria_uniao.cria_pasta scheduled__2022-10-02T11:00:00+00:00 [queued]>
[2022-12-02 19:39:02,734] {taskinstance.py:1356} INFO - 
--------------------------------------------------------------------------------
[2022-12-02 19:39:02,734] {taskinstance.py:1357} INFO - Starting attempt 1 of 1
[2022-12-02 19:39:02,734] {taskinstance.py:1358} INFO - 
--------------------------------------------------------------------------------
[2022-12-02 19:39:02,748] {taskinstance.py:1377} INFO - Executing <Task(BashOperator): cria_pasta> on 2022-10-02 11:00:00+00:00
[2022-12-02 19:39:02,751] {standard_task_runner.py:52} INFO - Started process 45572 to run task
[2022-12-02 19:39:02,758] {standard_task_runner.py:79} INFO - Running: ['airflow', 'tasks', 'run', 'transferencia_obrigatoria_uniao', 'cria_pasta', 'scheduled__2022-10-02T11:00:00+00:00', '--job-id', '13', '--raw', '--subdir', 'DAGS_FOLDER/transferencia_obrigatoria_uniao.py', '--cfg-path', '/tmp/tmph8ti5s26', '--error-file', '/tmp/tmpiht1roxi']
[2022-12-02 19:39:02,761] {standard_task_runner.py:80} INFO - Job 13: Subtask cria_pasta
[2022-12-02 19:39:02,822] {task_command.py:370} INFO - Running <TaskInstance: transferencia_obrigatoria_uniao.cria_pasta scheduled__2022-10-02T11:00:00+00:00 [running]> on host caiomendes-virtual-machine
[2022-12-02 19:39:02,938] {taskinstance.py:1569} INFO - Exporting the following env vars:
AIRFLOW_CTX_DAG_OWNER=airflow
AIRFLOW_CTX_DAG_ID=transferencia_obrigatoria_uniao
AIRFLOW_CTX_TASK_ID=cria_pasta
AIRFLOW_CTX_EXECUTION_DATE=2022-10-02T11:00:00+00:00
AIRFLOW_CTX_TRY_NUMBER=1
AIRFLOW_CTX_DAG_RUN_ID=scheduled__2022-10-02T11:00:00+00:00
[2022-12-02 19:39:02,940] {subprocess.py:62} INFO - Tmp dir root location: 
 /tmp
[2022-12-02 19:39:02,940] {subprocess.py:74} INFO - Running command: ['bash', '-c', 'mkdir -p "/home/caiomendes/Documents/airflow/mes=2022-11-02"']
[2022-12-02 19:39:02,958] {subprocess.py:85} INFO - Output:
[2022-12-02 19:39:02,966] {subprocess.py:96} INFO - Command exited with return code 0
[2022-12-02 19:39:03,012] {taskinstance.py:1395} INFO - Marking task as SUCCESS. dag_id=transferencia_obrigatoria_uniao, task_id=cria_pasta, execution_date=20221002T110000, start_date=20221202T223902, end_date=20221202T223903
[2022-12-02 19:39:03,057] {local_task_job.py:156} INFO - Task exited with return code 0
[2022-12-02 19:39:03,096] {local_task_job.py:273} INFO - 1 downstream tasks scheduled from follow-on schedule check
[2022-12-02 19:43:35,389] {taskinstance.py:1159} INFO - Dependencies all met for <TaskInstance: transferencia_obrigatoria_uniao.cria_pasta scheduled__2022-10-02T11:00:00+00:00 [queued]>
[2022-12-02 19:43:35,400] {taskinstance.py:1159} INFO - Dependencies all met for <TaskInstance: transferencia_obrigatoria_uniao.cria_pasta scheduled__2022-10-02T11:00:00+00:00 [queued]>
[2022-12-02 19:43:35,400] {taskinstance.py:1356} INFO - 
--------------------------------------------------------------------------------
[2022-12-02 19:43:35,400] {taskinstance.py:1357} INFO - Starting attempt 1 of 1
[2022-12-02 19:43:35,401] {taskinstance.py:1358} INFO - 
--------------------------------------------------------------------------------
[2022-12-02 19:43:35,418] {taskinstance.py:1377} INFO - Executing <Task(BashOperator): cria_pasta> on 2022-10-02 11:00:00+00:00
[2022-12-02 19:43:35,421] {standard_task_runner.py:52} INFO - Started process 46876 to run task
[2022-12-02 19:43:35,425] {standard_task_runner.py:79} INFO - Running: ['airflow', 'tasks', 'run', 'transferencia_obrigatoria_uniao', 'cria_pasta', 'scheduled__2022-10-02T11:00:00+00:00', '--job-id', '13', '--raw', '--subdir', 'DAGS_FOLDER/transferencia_obrigatoria_uniao.py', '--cfg-path', '/tmp/tmp55zvl3at', '--error-file', '/tmp/tmpsctmz242']
[2022-12-02 19:43:35,427] {standard_task_runner.py:80} INFO - Job 13: Subtask cria_pasta
[2022-12-02 19:43:35,532] {task_command.py:370} INFO - Running <TaskInstance: transferencia_obrigatoria_uniao.cria_pasta scheduled__2022-10-02T11:00:00+00:00 [running]> on host caiomendes-virtual-machine
[2022-12-02 19:43:35,643] {taskinstance.py:1569} INFO - Exporting the following env vars:
AIRFLOW_CTX_DAG_OWNER=airflow
AIRFLOW_CTX_DAG_ID=transferencia_obrigatoria_uniao
AIRFLOW_CTX_TASK_ID=cria_pasta
AIRFLOW_CTX_EXECUTION_DATE=2022-10-02T11:00:00+00:00
AIRFLOW_CTX_TRY_NUMBER=1
AIRFLOW_CTX_DAG_RUN_ID=scheduled__2022-10-02T11:00:00+00:00
[2022-12-02 19:43:35,646] {subprocess.py:62} INFO - Tmp dir root location: 
 /tmp
[2022-12-02 19:43:35,647] {subprocess.py:74} INFO - Running command: ['bash', '-c', 'mkdir -p "/home/caiomendes/Documents/airflow/mes=2022-11-02"']
[2022-12-02 19:43:35,665] {subprocess.py:85} INFO - Output:
[2022-12-02 19:43:35,666] {subprocess.py:96} INFO - Command exited with return code 0
[2022-12-02 19:43:35,709] {taskinstance.py:1395} INFO - Marking task as SUCCESS. dag_id=transferencia_obrigatoria_uniao, task_id=cria_pasta, execution_date=20221002T110000, start_date=20221202T224335, end_date=20221202T224335
[2022-12-02 19:43:35,763] {local_task_job.py:156} INFO - Task exited with return code 0
[2022-12-02 19:43:35,833] {local_task_job.py:273} INFO - 1 downstream tasks scheduled from follow-on schedule check
[2022-12-02 19:57:45,841] {taskinstance.py:1159} INFO - Dependencies all met for <TaskInstance: transferencia_obrigatoria_uniao.cria_pasta scheduled__2022-10-02T11:00:00+00:00 [queued]>
[2022-12-02 19:57:45,849] {taskinstance.py:1159} INFO - Dependencies all met for <TaskInstance: transferencia_obrigatoria_uniao.cria_pasta scheduled__2022-10-02T11:00:00+00:00 [queued]>
[2022-12-02 19:57:45,850] {taskinstance.py:1356} INFO - 
--------------------------------------------------------------------------------
[2022-12-02 19:57:45,851] {taskinstance.py:1357} INFO - Starting attempt 1 of 1
[2022-12-02 19:57:45,851] {taskinstance.py:1358} INFO - 
--------------------------------------------------------------------------------
[2022-12-02 19:57:45,866] {taskinstance.py:1377} INFO - Executing <Task(BashOperator): cria_pasta> on 2022-10-02 11:00:00+00:00
[2022-12-02 19:57:45,870] {standard_task_runner.py:52} INFO - Started process 51128 to run task
[2022-12-02 19:57:45,880] {standard_task_runner.py:79} INFO - Running: ['airflow', 'tasks', 'run', 'transferencia_obrigatoria_uniao', 'cria_pasta', 'scheduled__2022-10-02T11:00:00+00:00', '--job-id', '15', '--raw', '--subdir', 'DAGS_FOLDER/transferencia_obrigatoria_uniao.py', '--cfg-path', '/tmp/tmp8nzqe2fh', '--error-file', '/tmp/tmpe9vum05p']
[2022-12-02 19:57:45,883] {standard_task_runner.py:80} INFO - Job 15: Subtask cria_pasta
[2022-12-02 19:57:45,959] {task_command.py:370} INFO - Running <TaskInstance: transferencia_obrigatoria_uniao.cria_pasta scheduled__2022-10-02T11:00:00+00:00 [running]> on host caiomendes-virtual-machine
[2022-12-02 19:57:46,045] {taskinstance.py:1569} INFO - Exporting the following env vars:
AIRFLOW_CTX_DAG_OWNER=airflow
AIRFLOW_CTX_DAG_ID=transferencia_obrigatoria_uniao
AIRFLOW_CTX_TASK_ID=cria_pasta
AIRFLOW_CTX_EXECUTION_DATE=2022-10-02T11:00:00+00:00
AIRFLOW_CTX_TRY_NUMBER=1
AIRFLOW_CTX_DAG_RUN_ID=scheduled__2022-10-02T11:00:00+00:00
[2022-12-02 19:57:46,047] {subprocess.py:62} INFO - Tmp dir root location: 
 /tmp
[2022-12-02 19:57:46,050] {subprocess.py:74} INFO - Running command: ['bash', '-c', 'mkdir -p "/home/caiomendes/Documents/airflow/mes=2022-11-02"']
[2022-12-02 19:57:46,064] {subprocess.py:85} INFO - Output:
[2022-12-02 19:57:46,068] {subprocess.py:96} INFO - Command exited with return code 0
[2022-12-02 19:57:46,107] {taskinstance.py:1395} INFO - Marking task as SUCCESS. dag_id=transferencia_obrigatoria_uniao, task_id=cria_pasta, execution_date=20221002T110000, start_date=20221202T225745, end_date=20221202T225746
[2022-12-02 19:57:46,133] {local_task_job.py:156} INFO - Task exited with return code 0
[2022-12-02 19:57:46,177] {local_task_job.py:273} INFO - 1 downstream tasks scheduled from follow-on schedule check
