[2022-12-02 19:59:01,959] {taskinstance.py:1159} INFO - Dependencies all met for <TaskInstance: transferencia_obrigatoria_uniao.trata_dados scheduled__2022-11-02T11:00:00+00:00 [queued]>
[2022-12-02 19:59:01,974] {taskinstance.py:1159} INFO - Dependencies all met for <TaskInstance: transferencia_obrigatoria_uniao.trata_dados scheduled__2022-11-02T11:00:00+00:00 [queued]>
[2022-12-02 19:59:01,975] {taskinstance.py:1356} INFO - 
--------------------------------------------------------------------------------
[2022-12-02 19:59:01,975] {taskinstance.py:1357} INFO - Starting attempt 1 of 1
[2022-12-02 19:59:01,975] {taskinstance.py:1358} INFO - 
--------------------------------------------------------------------------------
[2022-12-02 19:59:02,026] {taskinstance.py:1377} INFO - Executing <Task(PythonOperator): trata_dados> on 2022-11-02 11:00:00+00:00
[2022-12-02 19:59:02,041] {standard_task_runner.py:52} INFO - Started process 51444 to run task
[2022-12-02 19:59:02,060] {standard_task_runner.py:79} INFO - Running: ['airflow', 'tasks', 'run', 'transferencia_obrigatoria_uniao', 'trata_dados', 'scheduled__2022-11-02T11:00:00+00:00', '--job-id', '23', '--raw', '--subdir', 'DAGS_FOLDER/transferencia_obrigatoria_uniao.py', '--cfg-path', '/tmp/tmpzte6x9iu', '--error-file', '/tmp/tmpjjg6m6y2']
[2022-12-02 19:59:02,066] {standard_task_runner.py:80} INFO - Job 23: Subtask trata_dados
[2022-12-02 19:59:02,157] {task_command.py:370} INFO - Running <TaskInstance: transferencia_obrigatoria_uniao.trata_dados scheduled__2022-11-02T11:00:00+00:00 [running]> on host caiomendes-virtual-machine
[2022-12-02 19:59:02,268] {taskinstance.py:1569} INFO - Exporting the following env vars:
AIRFLOW_CTX_DAG_OWNER=airflow
AIRFLOW_CTX_DAG_ID=transferencia_obrigatoria_uniao
AIRFLOW_CTX_TASK_ID=trata_dados
AIRFLOW_CTX_EXECUTION_DATE=2022-11-02T11:00:00+00:00
AIRFLOW_CTX_TRY_NUMBER=1
AIRFLOW_CTX_DAG_RUN_ID=scheduled__2022-11-02T11:00:00+00:00
[2022-12-02 19:59:03,184] {python.py:173} INFO - Done. Returned value was: None
[2022-12-02 19:59:03,205] {taskinstance.py:1395} INFO - Marking task as SUCCESS. dag_id=transferencia_obrigatoria_uniao, task_id=trata_dados, execution_date=20221102T110000, start_date=20221202T225901, end_date=20221202T225903
[2022-12-02 19:59:03,255] {local_task_job.py:156} INFO - Task exited with return code 0
[2022-12-02 19:59:03,297] {local_task_job.py:273} INFO - 0 downstream tasks scheduled from follow-on schedule check
