[2022-12-02 19:58:07,204] {taskinstance.py:1159} INFO - Dependencies all met for <TaskInstance: transferencia_obrigatoria_uniao.trata_dados scheduled__2022-08-02T11:00:00+00:00 [queued]>
[2022-12-02 19:58:07,209] {taskinstance.py:1159} INFO - Dependencies all met for <TaskInstance: transferencia_obrigatoria_uniao.trata_dados scheduled__2022-08-02T11:00:00+00:00 [queued]>
[2022-12-02 19:58:07,209] {taskinstance.py:1356} INFO - 
--------------------------------------------------------------------------------
[2022-12-02 19:58:07,209] {taskinstance.py:1357} INFO - Starting attempt 1 of 1
[2022-12-02 19:58:07,209] {taskinstance.py:1358} INFO - 
--------------------------------------------------------------------------------
[2022-12-02 19:58:07,223] {taskinstance.py:1377} INFO - Executing <Task(PythonOperator): trata_dados> on 2022-08-02 11:00:00+00:00
[2022-12-02 19:58:07,241] {standard_task_runner.py:52} INFO - Started process 51217 to run task
[2022-12-02 19:58:07,244] {standard_task_runner.py:79} INFO - Running: ['airflow', 'tasks', 'run', 'transferencia_obrigatoria_uniao', 'trata_dados', 'scheduled__2022-08-02T11:00:00+00:00', '--job-id', '17', '--raw', '--subdir', 'DAGS_FOLDER/transferencia_obrigatoria_uniao.py', '--cfg-path', '/tmp/tmpj7uvajuq', '--error-file', '/tmp/tmp9g1mwuj5']
[2022-12-02 19:58:07,246] {standard_task_runner.py:80} INFO - Job 17: Subtask trata_dados
[2022-12-02 19:58:07,314] {task_command.py:370} INFO - Running <TaskInstance: transferencia_obrigatoria_uniao.trata_dados scheduled__2022-08-02T11:00:00+00:00 [running]> on host caiomendes-virtual-machine
[2022-12-02 19:58:07,392] {taskinstance.py:1569} INFO - Exporting the following env vars:
AIRFLOW_CTX_DAG_OWNER=airflow
AIRFLOW_CTX_DAG_ID=transferencia_obrigatoria_uniao
AIRFLOW_CTX_TASK_ID=trata_dados
AIRFLOW_CTX_EXECUTION_DATE=2022-08-02T11:00:00+00:00
AIRFLOW_CTX_TRY_NUMBER=1
AIRFLOW_CTX_DAG_RUN_ID=scheduled__2022-08-02T11:00:00+00:00
[2022-12-02 19:58:08,077] {python.py:173} INFO - Done. Returned value was: None
[2022-12-02 19:58:08,086] {taskinstance.py:1395} INFO - Marking task as SUCCESS. dag_id=transferencia_obrigatoria_uniao, task_id=trata_dados, execution_date=20220802T110000, start_date=20221202T225807, end_date=20221202T225808
[2022-12-02 19:58:08,113] {local_task_job.py:156} INFO - Task exited with return code 0
[2022-12-02 19:58:08,151] {local_task_job.py:273} INFO - 0 downstream tasks scheduled from follow-on schedule check
