[2022-12-02 19:26:02,726] {taskinstance.py:1159} INFO - Dependencies all met for <TaskInstance: transferencia_obrigatoria_uniao.extrai_dados scheduled__2022-08-02T11:00:00+00:00 [queued]>
[2022-12-02 19:26:02,740] {taskinstance.py:1159} INFO - Dependencies all met for <TaskInstance: transferencia_obrigatoria_uniao.extrai_dados scheduled__2022-08-02T11:00:00+00:00 [queued]>
[2022-12-02 19:26:02,740] {taskinstance.py:1356} INFO - 
--------------------------------------------------------------------------------
[2022-12-02 19:26:02,741] {taskinstance.py:1357} INFO - Starting attempt 1 of 1
[2022-12-02 19:26:02,741] {taskinstance.py:1358} INFO - 
--------------------------------------------------------------------------------
[2022-12-02 19:26:02,757] {taskinstance.py:1377} INFO - Executing <Task(PythonOperator): extrai_dados> on 2022-08-02 11:00:00+00:00
[2022-12-02 19:26:02,768] {standard_task_runner.py:52} INFO - Started process 41569 to run task
[2022-12-02 19:26:02,816] {standard_task_runner.py:79} INFO - Running: ['airflow', 'tasks', 'run', 'transferencia_obrigatoria_uniao', 'extrai_dados', 'scheduled__2022-08-02T11:00:00+00:00', '--job-id', '12', '--raw', '--subdir', 'DAGS_FOLDER/transferencia_obrigatoria_uniao.py', '--cfg-path', '/tmp/tmpp9edzizw', '--error-file', '/tmp/tmpptxt8i9x']
[2022-12-02 19:26:02,817] {standard_task_runner.py:80} INFO - Job 12: Subtask extrai_dados
[2022-12-02 19:26:03,064] {task_command.py:370} INFO - Running <TaskInstance: transferencia_obrigatoria_uniao.extrai_dados scheduled__2022-08-02T11:00:00+00:00 [running]> on host caiomendes-virtual-machine
[2022-12-02 19:26:03,267] {taskinstance.py:1569} INFO - Exporting the following env vars:
AIRFLOW_CTX_DAG_OWNER=airflow
AIRFLOW_CTX_DAG_ID=transferencia_obrigatoria_uniao
AIRFLOW_CTX_TASK_ID=extrai_dados
AIRFLOW_CTX_EXECUTION_DATE=2022-08-02T11:00:00+00:00
AIRFLOW_CTX_TRY_NUMBER=1
AIRFLOW_CTX_DAG_RUN_ID=scheduled__2022-08-02T11:00:00+00:00
[2022-12-02 19:26:22,510] {python.py:173} INFO - Done. Returned value was: None
[2022-12-02 19:26:22,517] {taskinstance.py:1395} INFO - Marking task as SUCCESS. dag_id=transferencia_obrigatoria_uniao, task_id=extrai_dados, execution_date=20220802T110000, start_date=20221202T222602, end_date=20221202T222622
[2022-12-02 19:26:22,579] {local_task_job.py:156} INFO - Task exited with return code 0
[2022-12-02 19:26:22,602] {local_task_job.py:273} INFO - 0 downstream tasks scheduled from follow-on schedule check
[2022-12-02 19:38:40,331] {taskinstance.py:1159} INFO - Dependencies all met for <TaskInstance: transferencia_obrigatoria_uniao.extrai_dados scheduled__2022-08-02T11:00:00+00:00 [queued]>
[2022-12-02 19:38:40,342] {taskinstance.py:1159} INFO - Dependencies all met for <TaskInstance: transferencia_obrigatoria_uniao.extrai_dados scheduled__2022-08-02T11:00:00+00:00 [queued]>
[2022-12-02 19:38:40,342] {taskinstance.py:1356} INFO - 
--------------------------------------------------------------------------------
[2022-12-02 19:38:40,343] {taskinstance.py:1357} INFO - Starting attempt 1 of 1
[2022-12-02 19:38:40,343] {taskinstance.py:1358} INFO - 
--------------------------------------------------------------------------------
[2022-12-02 19:38:40,366] {taskinstance.py:1377} INFO - Executing <Task(PythonOperator): extrai_dados> on 2022-08-02 11:00:00+00:00
[2022-12-02 19:38:40,390] {standard_task_runner.py:79} INFO - Running: ['airflow', 'tasks', 'run', 'transferencia_obrigatoria_uniao', 'extrai_dados', 'scheduled__2022-08-02T11:00:00+00:00', '--job-id', '12', '--raw', '--subdir', 'DAGS_FOLDER/transferencia_obrigatoria_uniao.py', '--cfg-path', '/tmp/tmpsgg_vwvz', '--error-file', '/tmp/tmptup0sr20']
[2022-12-02 19:38:40,392] {standard_task_runner.py:80} INFO - Job 12: Subtask extrai_dados
[2022-12-02 19:38:40,375] {standard_task_runner.py:52} INFO - Started process 45487 to run task
[2022-12-02 19:38:40,476] {task_command.py:370} INFO - Running <TaskInstance: transferencia_obrigatoria_uniao.extrai_dados scheduled__2022-08-02T11:00:00+00:00 [running]> on host caiomendes-virtual-machine
[2022-12-02 19:38:40,552] {taskinstance.py:1569} INFO - Exporting the following env vars:
AIRFLOW_CTX_DAG_OWNER=airflow
AIRFLOW_CTX_DAG_ID=transferencia_obrigatoria_uniao
AIRFLOW_CTX_TASK_ID=extrai_dados
AIRFLOW_CTX_EXECUTION_DATE=2022-08-02T11:00:00+00:00
AIRFLOW_CTX_TRY_NUMBER=1
AIRFLOW_CTX_DAG_RUN_ID=scheduled__2022-08-02T11:00:00+00:00
[2022-12-02 19:38:59,802] {python.py:173} INFO - Done. Returned value was: None
[2022-12-02 19:38:59,813] {taskinstance.py:1395} INFO - Marking task as SUCCESS. dag_id=transferencia_obrigatoria_uniao, task_id=extrai_dados, execution_date=20220802T110000, start_date=20221202T223840, end_date=20221202T223859
[2022-12-02 19:38:59,857] {local_task_job.py:156} INFO - Task exited with return code 0
[2022-12-02 19:38:59,873] {local_task_job.py:273} INFO - 0 downstream tasks scheduled from follow-on schedule check
[2022-12-02 19:43:16,180] {taskinstance.py:1159} INFO - Dependencies all met for <TaskInstance: transferencia_obrigatoria_uniao.extrai_dados scheduled__2022-08-02T11:00:00+00:00 [queued]>
[2022-12-02 19:43:16,196] {taskinstance.py:1159} INFO - Dependencies all met for <TaskInstance: transferencia_obrigatoria_uniao.extrai_dados scheduled__2022-08-02T11:00:00+00:00 [queued]>
[2022-12-02 19:43:16,196] {taskinstance.py:1356} INFO - 
--------------------------------------------------------------------------------
[2022-12-02 19:43:16,196] {taskinstance.py:1357} INFO - Starting attempt 1 of 1
[2022-12-02 19:43:16,196] {taskinstance.py:1358} INFO - 
--------------------------------------------------------------------------------
[2022-12-02 19:43:16,222] {taskinstance.py:1377} INFO - Executing <Task(PythonOperator): extrai_dados> on 2022-08-02 11:00:00+00:00
[2022-12-02 19:43:16,231] {standard_task_runner.py:52} INFO - Started process 46791 to run task
[2022-12-02 19:43:16,239] {standard_task_runner.py:79} INFO - Running: ['airflow', 'tasks', 'run', 'transferencia_obrigatoria_uniao', 'extrai_dados', 'scheduled__2022-08-02T11:00:00+00:00', '--job-id', '12', '--raw', '--subdir', 'DAGS_FOLDER/transferencia_obrigatoria_uniao.py', '--cfg-path', '/tmp/tmp5md_yljq', '--error-file', '/tmp/tmppm8ln1z6']
[2022-12-02 19:43:16,246] {standard_task_runner.py:80} INFO - Job 12: Subtask extrai_dados
[2022-12-02 19:43:16,366] {task_command.py:370} INFO - Running <TaskInstance: transferencia_obrigatoria_uniao.extrai_dados scheduled__2022-08-02T11:00:00+00:00 [running]> on host caiomendes-virtual-machine
[2022-12-02 19:43:16,518] {taskinstance.py:1569} INFO - Exporting the following env vars:
AIRFLOW_CTX_DAG_OWNER=airflow
AIRFLOW_CTX_DAG_ID=transferencia_obrigatoria_uniao
AIRFLOW_CTX_TASK_ID=extrai_dados
AIRFLOW_CTX_EXECUTION_DATE=2022-08-02T11:00:00+00:00
AIRFLOW_CTX_TRY_NUMBER=1
AIRFLOW_CTX_DAG_RUN_ID=scheduled__2022-08-02T11:00:00+00:00
[2022-12-02 19:43:32,330] {python.py:173} INFO - Done. Returned value was: None
[2022-12-02 19:43:32,341] {taskinstance.py:1395} INFO - Marking task as SUCCESS. dag_id=transferencia_obrigatoria_uniao, task_id=extrai_dados, execution_date=20220802T110000, start_date=20221202T224316, end_date=20221202T224332
[2022-12-02 19:43:32,406] {local_task_job.py:156} INFO - Task exited with return code 0
[2022-12-02 19:43:32,420] {local_task_job.py:273} INFO - 0 downstream tasks scheduled from follow-on schedule check
[2022-12-02 19:57:26,797] {taskinstance.py:1159} INFO - Dependencies all met for <TaskInstance: transferencia_obrigatoria_uniao.extrai_dados scheduled__2022-08-02T11:00:00+00:00 [queued]>
[2022-12-02 19:57:26,814] {taskinstance.py:1159} INFO - Dependencies all met for <TaskInstance: transferencia_obrigatoria_uniao.extrai_dados scheduled__2022-08-02T11:00:00+00:00 [queued]>
[2022-12-02 19:57:26,815] {taskinstance.py:1356} INFO - 
--------------------------------------------------------------------------------
[2022-12-02 19:57:26,815] {taskinstance.py:1357} INFO - Starting attempt 1 of 1
[2022-12-02 19:57:26,815] {taskinstance.py:1358} INFO - 
--------------------------------------------------------------------------------
[2022-12-02 19:57:26,847] {taskinstance.py:1377} INFO - Executing <Task(PythonOperator): extrai_dados> on 2022-08-02 11:00:00+00:00
[2022-12-02 19:57:26,855] {standard_task_runner.py:52} INFO - Started process 51062 to run task
[2022-12-02 19:57:26,860] {standard_task_runner.py:79} INFO - Running: ['airflow', 'tasks', 'run', 'transferencia_obrigatoria_uniao', 'extrai_dados', 'scheduled__2022-08-02T11:00:00+00:00', '--job-id', '14', '--raw', '--subdir', 'DAGS_FOLDER/transferencia_obrigatoria_uniao.py', '--cfg-path', '/tmp/tmp7bpx8bxt', '--error-file', '/tmp/tmpwsxr5tkx']
[2022-12-02 19:57:26,861] {standard_task_runner.py:80} INFO - Job 14: Subtask extrai_dados
[2022-12-02 19:57:26,937] {task_command.py:370} INFO - Running <TaskInstance: transferencia_obrigatoria_uniao.extrai_dados scheduled__2022-08-02T11:00:00+00:00 [running]> on host caiomendes-virtual-machine
[2022-12-02 19:57:27,042] {taskinstance.py:1569} INFO - Exporting the following env vars:
AIRFLOW_CTX_DAG_OWNER=airflow
AIRFLOW_CTX_DAG_ID=transferencia_obrigatoria_uniao
AIRFLOW_CTX_TASK_ID=extrai_dados
AIRFLOW_CTX_EXECUTION_DATE=2022-08-02T11:00:00+00:00
AIRFLOW_CTX_TRY_NUMBER=1
AIRFLOW_CTX_DAG_RUN_ID=scheduled__2022-08-02T11:00:00+00:00
[2022-12-02 19:57:42,783] {python.py:173} INFO - Done. Returned value was: None
[2022-12-02 19:57:42,792] {taskinstance.py:1395} INFO - Marking task as SUCCESS. dag_id=transferencia_obrigatoria_uniao, task_id=extrai_dados, execution_date=20220802T110000, start_date=20221202T225726, end_date=20221202T225742
[2022-12-02 19:57:42,855] {local_task_job.py:156} INFO - Task exited with return code 0
[2022-12-02 19:57:42,875] {local_task_job.py:273} INFO - 1 downstream tasks scheduled from follow-on schedule check
